Design Assistant report for demodulator
Sun May 16 14:47:40 2021
Quartus II 64-Bit Version 14.1.0 Build 186 12/03/2014 SJ Web Edition


---------------------
; Table of Contents ;
---------------------
  1. Legal Notice
  2. Design Assistant Summary
  3. Design Assistant Settings
  4. High Violations
  5. Medium Violations
  6. Information only Violations
  7. Design Assistant Messages



----------------
; Legal Notice ;
----------------
Copyright (C) 1991-2014 Altera Corporation. All rights reserved.
Your use of Altera Corporation's design tools, logic functions 
and other software and tools, and its AMPP partner logic 
functions, and any output files from any of the foregoing 
(including device programming or simulation files), and any 
associated documentation or information are expressly subject 
to the terms and conditions of the Altera Program License 
Subscription Agreement, the Altera Quartus II License Agreement,
the Altera MegaCore Function License Agreement, or other 
applicable license agreement, including, without limitation, 
that your use is for the sole purpose of programming logic 
devices manufactured by Altera and sold by Altera or its 
authorized distributors.  Please refer to the applicable 
agreement for further details.



+-------------------------------------------------------------------------+
; Design Assistant Summary                                                ;
+-----------------------------------+-------------------------------------+
; Design Assistant Status           ; Analyzed - Sun May 16 14:47:40 2021 ;
; Revision Name                     ; demodulator                         ;
; Top-level Entity Name             ; demodulator                         ;
; Family                            ; Cyclone IV E                        ;
; Total Critical Violations         ; 0                                   ;
; Total High Violations             ; 4                                   ;
; - Rule D103                       ; 4                                   ;
; Total Medium Violations           ; 3                                   ;
; - Rule C104                       ; 1                                   ;
; - Rule C106                       ; 1                                   ;
; - Rule D102                       ; 1                                   ;
; Total Information only Violations ; 54                                  ;
; - Rule T101                       ; 4                                   ;
; - Rule T102                       ; 50                                  ;
+-----------------------------------+-------------------------------------+


+------------------------------------------------------------------------------------------------------------------------------------------------------------------------------------------+
; Design Assistant Settings                                                                                                                                                                ;
+----------------------------------------------------------------------------------------------------------------------------------------------------------------------+--------------+----+
; Option                                                                                                                                                               ; Setting      ; To ;
+----------------------------------------------------------------------------------------------------------------------------------------------------------------------+--------------+----+
; Design Assistant mode                                                                                                                                                ; Post-Fitting ;    ;
; Threshold value for clock net not mapped to clock spines rule                                                                                                        ; 25           ;    ;
; Minimum number of clock port feed by gated clocks                                                                                                                    ; 30           ;    ;
; Minimum number of node fan-out                                                                                                                                       ; 30           ;    ;
; Maximum number of nodes to report                                                                                                                                    ; 50           ;    ;
; Rule C101: Gated clock should be implemented according to the Altera standard scheme                                                                                 ; On           ;    ;
; Rule C102: Logic cell should not be used to generate an inverted clock signal                                                                                        ; On           ;    ;
; Rule C103: Gated clock does not feed at least a pre-defined number of clock ports to effectively save power                                                          ; On           ;    ;
; Rule C104: Clock signal source should drive only clock input ports                                                                                                   ; On           ;    ;
; Rule C105: Clock signal should be a global signal                                                                                                                    ; On           ;    ;
; Rule C106: Clock signal source should not drive registers triggered by different clock edges                                                                         ; On           ;    ;
; Rule R101: Combinational logic used as a reset signal should be synchronized                                                                                         ; On           ;    ;
; Rule R102: External reset signals should be synchronized using two cascaded registers                                                                                ; On           ;    ;
; Rule R103: External reset signal should be correctly synchronized                                                                                                    ; On           ;    ;
; Rule R104: The reset signal that is generated in one clock domain and used in another clock domain should be correctly synchronized                                  ; On           ;    ;
; Rule R105: The reset signal that is generated in one clock domain and used in another clock domain should be synchronized                                            ; On           ;    ;
; Rule T101: Nodes with more than the specified number of fan-outs                                                                                                     ; On           ;    ;
; Rule T102: Top nodes with the highest number of fan-outs                                                                                                             ; On           ;    ;
; Rule A101: Design should not contain combinational loops                                                                                                             ; On           ;    ;
; Rule A102: Register output should not drive its own control signal directly or through combinational logic                                                           ; On           ;    ;
; Rule A103: Design should not contain delay chains                                                                                                                    ; On           ;    ;
; Rule A104: Design should not contain ripple clock structures                                                                                                         ; On           ;    ;
; Rule A105: Pulses should not be implemented asynchronously                                                                                                           ; On           ;    ;
; Rule A106: Multiple pulses should not be generated in design                                                                                                         ; On           ;    ;
; Rule A107: Design should not contain SR latches                                                                                                                      ; On           ;    ;
; Rule A108: Design should not contain latches                                                                                                                         ; On           ;    ;
; Rule S101: Output enable and input of the same tri-state node should not be driven by same signal source                                                             ; On           ;    ;
; Rule S102: Synchronous port and asynchronous port of the same register should not be driven by the same signal source                                                ; On           ;    ;
; Rule S103: More than one asynchronous port of a register should not be driven by the same signal source                                                              ; On           ;    ;
; Rule S104: Clock port and any other port of a register should not be driven by the same signal source                                                                ; On           ;    ;
; Rule D101: Data bits are not synchronized when transferred between asynchronous clock domains                                                                        ; On           ;    ;
; Rule D102: Multiple data bits that are transferred across asynchronous clock domains are synchronized, but not all bits may be aligned in the receiving clock domain ; On           ;    ;
; Rule D103: Data bits are not correctly synchronized when transferred between asynchronous clock domains                                                              ; On           ;    ;
; Rule M101: Data bits are not synchronized when transferred to the state machine of asynchronous clock domains                                                        ; Off          ;    ;
; Rule M102: No reset signal defined to initialize the state machine                                                                                                   ; Off          ;    ;
; Rule M103: State machine should not contain an unreachable state                                                                                                     ; Off          ;    ;
; Rule M104: State machine should not contain a deadlock state                                                                                                         ; Off          ;    ;
; Rule M105: State machine should not contain a dead transition                                                                                                        ; Off          ;    ;
+----------------------------------------------------------------------------------------------------------------------------------------------------------------------+--------------+----+


+--------------------------------------------------------------------------------------------------------------------------------------------------------------------------------------------------------------------------------------------------------------------------------------------------+
; High Violations                                                                                                                                                                                                                                                                                  ;
+-----------------------------------------------------------------------------------------------------------------------+--------------------------------------------------------------------------------------------------------------------------------------------------------------------------+
; Rule name                                                                                                             ; Name                                                                                                                                                                     ;
+-----------------------------------------------------------------------------------------------------------------------+--------------------------------------------------------------------------------------------------------------------------------------------------------------------------+
; Rule D103: Data bits are not correctly synchronized when transferred between asynchronous clock domains - Structure 1 ;                                                                                                                                                                          ;
;  Source node(s) from clock "PLL:pll|altpll:altpll_component|PLL_altpll:auto_generated|wire_pll1_clk[1]"               ; dds_generator:dds_generator|sign_cos                                                                                                                                     ;
;  Synchronizer node(s) from clock "PLL:pll|altpll:altpll_component|PLL_altpll:auto_generated|wire_pll1_clk[0]"         ; approximator:approximator|reg_cos[8]                                                                                                                                     ;
;  Synchronizer node(s) from clock "PLL:pll|altpll:altpll_component|PLL_altpll:auto_generated|wire_pll1_clk[0]"         ; approximator:approximator|registor:r_cos|q[8]~_Duplicate_22                                                                                                              ;
;  Synchronizer node(s) from clock "PLL:pll|altpll:altpll_component|PLL_altpll:auto_generated|wire_pll1_clk[0]"         ; approximator:approximator|registor:r_cos|q[8]                                                                                                                            ;
;  Synchronizer node(s) from clock "PLL:pll|altpll:altpll_component|PLL_altpll:auto_generated|wire_pll1_clk[0]"         ; approximator:approximator|registor:r_cos|q[8]~_Duplicate_1                                                                                                               ;
;  Synchronizer node(s) from clock "PLL:pll|altpll:altpll_component|PLL_altpll:auto_generated|wire_pll1_clk[0]"         ; approximator:approximator|registor:r_cos|q[8]~_Duplicate_2                                                                                                               ;
;  Synchronizer node(s) from clock "PLL:pll|altpll:altpll_component|PLL_altpll:auto_generated|wire_pll1_clk[0]"         ; approximator:approximator|registor:r_cos|q[8]~_Duplicate_3                                                                                                               ;
;  Synchronizer node(s) from clock "PLL:pll|altpll:altpll_component|PLL_altpll:auto_generated|wire_pll1_clk[0]"         ; approximator:approximator|registor:r_cos|q[8]~_Duplicate_4                                                                                                               ;
;  Synchronizer node(s) from clock "PLL:pll|altpll:altpll_component|PLL_altpll:auto_generated|wire_pll1_clk[0]"         ; approximator:approximator|registor:r_cos|q[8]~_Duplicate_5                                                                                                               ;
;  Synchronizer node(s) from clock "PLL:pll|altpll:altpll_component|PLL_altpll:auto_generated|wire_pll1_clk[0]"         ; approximator:approximator|registor:r_cos|q[8]~_Duplicate_6                                                                                                               ;
;  Synchronizer node(s) from clock "PLL:pll|altpll:altpll_component|PLL_altpll:auto_generated|wire_pll1_clk[0]"         ; approximator:approximator|registor:r_cos|q[8]~_Duplicate_7                                                                                                               ;
; Rule D103: Data bits are not correctly synchronized when transferred between asynchronous clock domains - Structure 2 ;                                                                                                                                                                          ;
;  Source node(s) from clock "PLL:pll|altpll:altpll_component|PLL_altpll:auto_generated|wire_pll1_clk[1]"               ; dds_generator:dds_generator|sign_sin                                                                                                                                     ;
;  Synchronizer node(s) from clock "PLL:pll|altpll:altpll_component|PLL_altpll:auto_generated|wire_pll1_clk[0]"         ; approximator:approximator|reg_sin[0]                                                                                                                                     ;
;  Synchronizer node(s) from clock "PLL:pll|altpll:altpll_component|PLL_altpll:auto_generated|wire_pll1_clk[0]"         ; approximator:approximator|registor:r_sin|q[0]~_Duplicate_1                                                                                                               ;
;  Synchronizer node(s) from clock "PLL:pll|altpll:altpll_component|PLL_altpll:auto_generated|wire_pll1_clk[0]"         ; approximator:approximator|registor:r_sin|q[0]~_Duplicate_4                                                                                                               ;
;  Synchronizer node(s) from clock "PLL:pll|altpll:altpll_component|PLL_altpll:auto_generated|wire_pll1_clk[0]"         ; approximator:approximator|registor:r_sin|q[0]~_Duplicate_2                                                                                                               ;
;  Synchronizer node(s) from clock "PLL:pll|altpll:altpll_component|PLL_altpll:auto_generated|wire_pll1_clk[0]"         ; approximator:approximator|registor:r_sin|q[0]~_Duplicate_3                                                                                                               ;
;  Synchronizer node(s) from clock "PLL:pll|altpll:altpll_component|PLL_altpll:auto_generated|wire_pll1_clk[0]"         ; approximator:approximator|registor:r_sin|q[0]                                                                                                                            ;
;  Synchronizer node(s) from clock "PLL:pll|altpll:altpll_component|PLL_altpll:auto_generated|wire_pll1_clk[0]"         ; approximator:approximator|reg_sin[1]                                                                                                                                     ;
;  Synchronizer node(s) from clock "PLL:pll|altpll:altpll_component|PLL_altpll:auto_generated|wire_pll1_clk[0]"         ; approximator:approximator|registor:r_sin|q[1]~_Duplicate_1                                                                                                               ;
;  Synchronizer node(s) from clock "PLL:pll|altpll:altpll_component|PLL_altpll:auto_generated|wire_pll1_clk[0]"         ; approximator:approximator|registor:r_sin|q[1]~_Duplicate_2                                                                                                               ;
;  Synchronizer node(s) from clock "PLL:pll|altpll:altpll_component|PLL_altpll:auto_generated|wire_pll1_clk[0]"         ; approximator:approximator|registor:r_sin|q[1]~_Duplicate_3                                                                                                               ;
; Rule D103: Data bits are not correctly synchronized when transferred between asynchronous clock domains - Structure 3 ;                                                                                                                                                                          ;
;  Source node(s) from clock "altera_reserved_tck"                                                                      ; debug:debug|altsource_probe:in_system_sources_probes_0|altsource_probe_body:altsource_probe_body_inst|altsource_probe_impl:\wider_probe_gen:wider_probe_inst|hold_reg[7] ;
;  Synchronizer node(s) from clock "PLL:pll|altpll:altpll_component|PLL_altpll:auto_generated|wire_pll1_clk[1]"         ; dds_generator:dds_generator|address[10]                                                                                                                                  ;
;  Synchronizer node(s) from clock "PLL:pll|altpll:altpll_component|PLL_altpll:auto_generated|wire_pll1_clk[1]"         ; dds_generator:dds_generator|sign_sin                                                                                                                                     ;
; Rule D103: Data bits are not correctly synchronized when transferred between asynchronous clock domains - Structure 4 ;                                                                                                                                                                          ;
;  Source node(s) from clock "altera_reserved_tck"                                                                      ; debug:debug|altsource_probe:in_system_sources_probes_0|altsource_probe_body:altsource_probe_body_inst|altsource_probe_impl:\wider_probe_gen:wider_probe_inst|hold_reg[6] ;
;  Synchronizer node(s) from clock "PLL:pll|altpll:altpll_component|PLL_altpll:auto_generated|wire_pll1_clk[1]"         ; dds_generator:dds_generator|address[10]                                                                                                                                  ;
;  Synchronizer node(s) from clock "PLL:pll|altpll:altpll_component|PLL_altpll:auto_generated|wire_pll1_clk[1]"         ; dds_generator:dds_generator|sign_sin                                                                                                                                     ;
+-----------------------------------------------------------------------------------------------------------------------+--------------------------------------------------------------------------------------------------------------------------------------------------------------------------+


+------------------------------------------------------------------------------------------------------------------------------------------------------------------------------------------------------------------------------------------------------------------------------------------------------------------------------------------------------------+
; Medium Violations                                                                                                                                                                                                                                                                                                                                          ;
+------------------------------------------------------------------------------------------------------------------------------------------------------------------------------------+-----------------------------------------------------------------------------------------------------------------------------------------------------------------------+
; Rule name                                                                                                                                                                          ; Name                                                                                                                                                                  ;
+------------------------------------------------------------------------------------------------------------------------------------------------------------------------------------+-----------------------------------------------------------------------------------------------------------------------------------------------------------------------+
; Rule C104: Clock signal source should drive only clock input ports                                                                                                                 ; PLL:pll|altpll:altpll_component|PLL_altpll:auto_generated|wire_pll1_clk[0]                                                                                            ;
;  Clock ports destination node(s) list                                                                                                                                              ; approximator:approximator|registor:A_reg|q[36]                                                                                                                        ;
;  Clock ports destination node(s) list                                                                                                                                              ; approximator:approximator|registor:A_reg|q[37]                                                                                                                        ;
;  Clock ports destination node(s) list                                                                                                                                              ; approximator:approximator|registor:A_reg|q[38]                                                                                                                        ;
;  Clock ports destination node(s) list                                                                                                                                              ; approximator:approximator|registor:A_reg|q[39]                                                                                                                        ;
;  Clock ports destination node(s) list                                                                                                                                              ; approximator:approximator|registor:A_reg|q[40]                                                                                                                        ;
;  Clock ports destination node(s) list                                                                                                                                              ; approximator:approximator|registor:A_reg|q[41]                                                                                                                        ;
;  Clock ports destination node(s) list                                                                                                                                              ; approximator:approximator|registor:A_reg|q[42]                                                                                                                        ;
;  Clock ports destination node(s) list                                                                                                                                              ; approximator:approximator|registor:A_reg|q[43]                                                                                                                        ;
;  Clock ports destination node(s) list                                                                                                                                              ; approximator:approximator|registor:A_reg|q[44]                                                                                                                        ;
;  Clock ports destination node(s) list                                                                                                                                              ; approximator:approximator|registor:A_reg|q[45]                                                                                                                        ;
;  Non-clock ports destination node(s) list                                                                                                                                          ; adc_control:adc_control|oSCLK~0                                                                                                                                       ;
; Rule C106: Clock signal source should not drive registers triggered by different clock edges                                                                                       ; PLL:pll|altpll:altpll_component|PLL_altpll:auto_generated|wire_pll1_clk[0]                                                                                            ;
;  Positive edge destination node(s) list                                                                                                                                            ; adc_control:adc_control|en_data                                                                                                                                       ;
;  Positive edge destination node(s) list                                                                                                                                            ; adc_control:adc_control|adc_data[7]                                                                                                                                   ;
;  Positive edge destination node(s) list                                                                                                                                            ; adc_control:adc_control|adc_data[6]                                                                                                                                   ;
;  Positive edge destination node(s) list                                                                                                                                            ; adc_control:adc_control|adc_data[2]                                                                                                                                   ;
;  Positive edge destination node(s) list                                                                                                                                            ; adc_control:adc_control|adc_data[4]                                                                                                                                   ;
;  Positive edge destination node(s) list                                                                                                                                            ; adc_control:adc_control|adc_data[5]                                                                                                                                   ;
;  Positive edge destination node(s) list                                                                                                                                            ; adc_control:adc_control|adc_data[3]                                                                                                                                   ;
;  Positive edge destination node(s) list                                                                                                                                            ; adc_control:adc_control|adc_data[10]                                                                                                                                  ;
;  Positive edge destination node(s) list                                                                                                                                            ; adc_control:adc_control|adc_data[11]                                                                                                                                  ;
;  Positive edge destination node(s) list                                                                                                                                            ; adc_control:adc_control|adc_data[9]                                                                                                                                   ;
;  Negative edge destination node(s) list                                                                                                                                            ; adc_control:adc_control|m_cont[1]                                                                                                                                     ;
;  Negative edge destination node(s) list                                                                                                                                            ; adc_control:adc_control|m_cont[0]                                                                                                                                     ;
;  Negative edge destination node(s) list                                                                                                                                            ; adc_control:adc_control|m_cont[2]                                                                                                                                     ;
;  Negative edge destination node(s) list                                                                                                                                            ; adc_control:adc_control|m_cont[3]                                                                                                                                     ;
; Rule D102: Multiple data bits that are transferred across asynchronous clock domains are synchronized, but not all bits may be aligned in the receiving clock domain - Structure 1 ;                                                                                                                                                                       ;
;  Source node(s) from clock "altera_reserved_tck" - (Bus)                                                                                                                           ; debug:debug|altsource_probe:in_system_sources_probes_0|altsource_probe_body:altsource_probe_body_inst|altsource_probe_impl:\wider_probe_gen:wider_probe_inst|hold_reg ;
;  Synchronizer node(s) from clock "PLL:pll|altpll:altpll_component|PLL_altpll:auto_generated|wire_pll1_clk[1]" - (Bus)                                                              ; dds_generator:dds_generator|address                                                                                                                                   ;
+------------------------------------------------------------------------------------------------------------------------------------------------------------------------------------+-----------------------------------------------------------------------------------------------------------------------------------------------------------------------+


+---------------------------------------------------------------------------------------------------------------------------------------------------------------------------------------------------------------------------------------------------------------------------------------------------------------------+
; Information only Violations                                                                                                                                                                                                                                                                                         ;
+------------------------------------------------------------------+----------------------------------------------------------------------------------------------------------------------------------------------------------------------------------------------------------------------------------------+---------+
; Rule name                                                        ; Name                                                                                                                                                                                                                                   ; Fan-Out ;
+------------------------------------------------------------------+----------------------------------------------------------------------------------------------------------------------------------------------------------------------------------------------------------------------------------------+---------+
; Rule T101: Nodes with more than the specified number of fan-outs ; PLL:pll|altpll:altpll_component|PLL_altpll:auto_generated|wire_pll1_clk[0]~clkctrl                                                                                                                                                     ; 313     ;
; Rule T101: Nodes with more than the specified number of fan-outs ; approximator:approximator|comb~0                                                                                                                                                                                                       ; 204     ;
; Rule T101: Nodes with more than the specified number of fan-outs ; approximator:approximator|accumulator:accum_Fc|s[38]~43                                                                                                                                                                                ; 196     ;
; Rule T101: Nodes with more than the specified number of fan-outs ; altera_internal_jtag~TCKUTAPclkctrl                                                                                                                                                                                                    ; 108     ;
; Rule T102: Top nodes with the highest number of fan-outs         ; PLL:pll|altpll:altpll_component|PLL_altpll:auto_generated|wire_pll1_clk[0]~clkctrl                                                                                                                                                     ; 313     ;
; Rule T102: Top nodes with the highest number of fan-outs         ; approximator:approximator|comb~0                                                                                                                                                                                                       ; 204     ;
; Rule T102: Top nodes with the highest number of fan-outs         ; approximator:approximator|accumulator:accum_Fc|s[38]~43                                                                                                                                                                                ; 196     ;
; Rule T102: Top nodes with the highest number of fan-outs         ; altera_internal_jtag~TCKUTAPclkctrl                                                                                                                                                                                                    ; 108     ;
; Rule T102: Top nodes with the highest number of fan-outs         ; sld_hub:auto_hub|alt_sld_fab:\instrumentation_fabric_with_node_gen:fabric_gen_new_way:instrumentation_fabric|alt_sld_fab_sldfabric:sldfabric|sld_jtag_hub:\jtag_hub_gen:real_sld_jtag_hub|sld_shadow_jsm:shadow_jsm|state[3]           ; 29      ;
; Rule T102: Top nodes with the highest number of fan-outs         ; adc_control:adc_control|go_en                                                                                                                                                                                                          ; 27      ;
; Rule T102: Top nodes with the highest number of fan-outs         ; approximator:approximator|reg_sin[8]                                                                                                                                                                                                   ; 24      ;
; Rule T102: Top nodes with the highest number of fan-outs         ; approximator:approximator|reg_cos[8]                                                                                                                                                                                                   ; 24      ;
; Rule T102: Top nodes with the highest number of fan-outs         ; altera_internal_jtag~TMSUTAP                                                                                                                                                                                                           ; 23      ;
; Rule T102: Top nodes with the highest number of fan-outs         ; approximator:approximator|SQRT:sqrt|altsqrt:ALTSQRT_component|lpm_add_sub:subtractors[14]|add_sub_gsc:auto_generated|op_1~34                                                                                                           ; 22      ;
; Rule T102: Top nodes with the highest number of fan-outs         ; approximator:approximator|SQRT:sqrt|altsqrt:ALTSQRT_component|lpm_add_sub:subtractors[9]|add_sub_lsc:auto_generated|op_1~24                                                                                                            ; 22      ;
; Rule T102: Top nodes with the highest number of fan-outs         ; sld_hub:auto_hub|alt_sld_fab:\instrumentation_fabric_with_node_gen:fabric_gen_new_way:instrumentation_fabric|alt_sld_fab_sldfabric:sldfabric|sld_jtag_hub:\jtag_hub_gen:real_sld_jtag_hub|sld_shadow_jsm:shadow_jsm|state[4]           ; 22      ;
; Rule T102: Top nodes with the highest number of fan-outs         ; approximator:approximator|SQRT:sqrt|altsqrt:ALTSQRT_component|lpm_add_sub:subtractors[17]|add_sub_oqc:auto_generated|op_1~40                                                                                                           ; 22      ;
; Rule T102: Top nodes with the highest number of fan-outs         ; approximator:approximator|SQRT:sqrt|altsqrt:ALTSQRT_component|lpm_add_sub:subtractors[12]|add_sub_isc:auto_generated|op_1~30                                                                                                           ; 22      ;
; Rule T102: Top nodes with the highest number of fan-outs         ; approximator:approximator|SQRT:sqrt|altsqrt:ALTSQRT_component|lpm_add_sub:subtractors[10]|add_sub_ksc:auto_generated|op_1~26                                                                                                           ; 22      ;
; Rule T102: Top nodes with the highest number of fan-outs         ; approximator:approximator|SQRT:sqrt|altsqrt:ALTSQRT_component|lpm_add_sub:subtractors[16]|add_sub_esc:auto_generated|op_1~38                                                                                                           ; 22      ;
; Rule T102: Top nodes with the highest number of fan-outs         ; ~GND                                                                                                                                                                                                                                   ; 22      ;
; Rule T102: Top nodes with the highest number of fan-outs         ; approximator:approximator|SQRT:sqrt|altsqrt:ALTSQRT_component|lpm_add_sub:subtractors[15]|add_sub_fsc:auto_generated|op_1~36                                                                                                           ; 22      ;
; Rule T102: Top nodes with the highest number of fan-outs         ; approximator:approximator|SQRT:sqrt|altsqrt:ALTSQRT_component|lpm_add_sub:subtractors[13]|add_sub_hsc:auto_generated|op_1~32                                                                                                           ; 22      ;
; Rule T102: Top nodes with the highest number of fan-outs         ; approximator:approximator|SQRT:sqrt|altsqrt:ALTSQRT_component|lpm_add_sub:subtractors[11]|add_sub_jsc:auto_generated|op_1~28                                                                                                           ; 22      ;
; Rule T102: Top nodes with the highest number of fan-outs         ; approximator:approximator|reg_en                                                                                                                                                                                                       ; 21      ;
; Rule T102: Top nodes with the highest number of fan-outs         ; approximator:approximator|SQRT:sqrt|altsqrt:ALTSQRT_component|lpm_add_sub:subtractors[5]|add_sub_epc:auto_generated|op_1~16                                                                                                            ; 20      ;
; Rule T102: Top nodes with the highest number of fan-outs         ; approximator:approximator|SQRT:sqrt|altsqrt:ALTSQRT_component|lpm_add_sub:subtractors[2]|add_sub_bpc:auto_generated|op_1~10                                                                                                            ; 20      ;
; Rule T102: Top nodes with the highest number of fan-outs         ; approximator:approximator|SQRT:sqrt|altsqrt:ALTSQRT_component|lpm_add_sub:subtractors[6]|add_sub_fpc:auto_generated|op_1~18                                                                                                            ; 20      ;
; Rule T102: Top nodes with the highest number of fan-outs         ; approximator:approximator|SQRT:sqrt|altsqrt:ALTSQRT_component|lpm_add_sub:subtractors[4]|add_sub_dpc:auto_generated|op_1~14                                                                                                            ; 20      ;
; Rule T102: Top nodes with the highest number of fan-outs         ; approximator:approximator|SQRT:sqrt|altsqrt:ALTSQRT_component|lpm_add_sub:subtractors[8]|add_sub_msc:auto_generated|op_1~22                                                                                                            ; 20      ;
; Rule T102: Top nodes with the highest number of fan-outs         ; approximator:approximator|SQRT:sqrt|altsqrt:ALTSQRT_component|lpm_add_sub:subtractors[3]|add_sub_cpc:auto_generated|op_1~12                                                                                                            ; 20      ;
; Rule T102: Top nodes with the highest number of fan-outs         ; approximator:approximator|SQRT:sqrt|altsqrt:ALTSQRT_component|lpm_add_sub:subtractors[7]|add_sub_nqc:auto_generated|op_1~20                                                                                                            ; 20      ;
; Rule T102: Top nodes with the highest number of fan-outs         ; approximator:approximator|SQRT:sqrt|altsqrt:ALTSQRT_component|lpm_add_sub:subtractors[1]|add_sub_apc:auto_generated|op_1~8                                                                                                             ; 20      ;
; Rule T102: Top nodes with the highest number of fan-outs         ; sld_hub:auto_hub|alt_sld_fab:\instrumentation_fabric_with_node_gen:fabric_gen_new_way:instrumentation_fabric|alt_sld_fab_sldfabric:sldfabric|sld_jtag_hub:\jtag_hub_gen:real_sld_jtag_hub|virtual_ir_scan_reg                          ; 20      ;
; Rule T102: Top nodes with the highest number of fan-outs         ; approximator:approximator|SQRT:sqrt|altsqrt:ALTSQRT_component|lpm_add_sub:subtractors[0]|add_sub_8pc:auto_generated|carry_eqn[1]                                                                                                       ; 18      ;
; Rule T102: Top nodes with the highest number of fan-outs         ; sld_hub:auto_hub|alt_sld_fab:\instrumentation_fabric_with_node_gen:fabric_gen_new_way:instrumentation_fabric|alt_sld_fab_sldfabric:sldfabric|sld_jtag_hub:\jtag_hub_gen:real_sld_jtag_hub|clr_reg                                      ; 17      ;
; Rule T102: Top nodes with the highest number of fan-outs         ; debug:debug|altsource_probe:in_system_sources_probes_0|altsource_probe_body:altsource_probe_body_inst|vjtag_sdr_i                                                                                                                      ; 16      ;
; Rule T102: Top nodes with the highest number of fan-outs         ; sld_hub:auto_hub|alt_sld_fab:\instrumentation_fabric_with_node_gen:fabric_gen_new_way:instrumentation_fabric|alt_sld_fab_sldfabric:sldfabric|sld_jtag_hub:\jtag_hub_gen:real_sld_jtag_hub|sld_shadow_jsm:shadow_jsm|state[0]           ; 15      ;
; Rule T102: Top nodes with the highest number of fan-outs         ; PLL:pll|altpll:altpll_component|PLL_altpll:auto_generated|wire_pll1_clk[1]~clkctrl                                                                                                                                                     ; 14      ;
; Rule T102: Top nodes with the highest number of fan-outs         ; sld_hub:auto_hub|alt_sld_fab:\instrumentation_fabric_with_node_gen:fabric_gen_new_way:instrumentation_fabric|alt_sld_fab_sldfabric:sldfabric|sld_jtag_hub:\jtag_hub_gen:real_sld_jtag_hub|irsr_reg[4]                                  ; 14      ;
; Rule T102: Top nodes with the highest number of fan-outs         ; approximator:approximator|signed_mult:mult_sin_sin|lpm_mult:Mult0|mult_b3t:auto_generated|mac_out2~DATAOUT17                                                                                                                           ; 13      ;
; Rule T102: Top nodes with the highest number of fan-outs         ; approximator:approximator|signed_mult:mult_cos_cos|lpm_mult:Mult0|mult_b3t:auto_generated|mac_out2~DATAOUT17                                                                                                                           ; 13      ;
; Rule T102: Top nodes with the highest number of fan-outs         ; approximator:approximator|signed_mult:mult_adc_cos|lpm_mult:Mult0|mult_idt:auto_generated|op_1~20                                                                                                                                      ; 13      ;
; Rule T102: Top nodes with the highest number of fan-outs         ; approximator:approximator|signed_mult:mult_sin_cos|lpm_mult:Mult0|mult_b3t:auto_generated|mac_out2~DATAOUT17                                                                                                                           ; 13      ;
; Rule T102: Top nodes with the highest number of fan-outs         ; approximator:approximator|signed_mult:mult_adc_sin|lpm_mult:Mult0|mult_idt:auto_generated|op_1~20                                                                                                                                      ; 13      ;
; Rule T102: Top nodes with the highest number of fan-outs         ; approximator:approximator|reg_data[0]                                                                                                                                                                                                  ; 12      ;
; Rule T102: Top nodes with the highest number of fan-outs         ; sld_hub:auto_hub|alt_sld_fab:\instrumentation_fabric_with_node_gen:fabric_gen_new_way:instrumentation_fabric|alt_sld_fab_sldfabric:sldfabric|sld_jtag_hub:\jtag_hub_gen:real_sld_jtag_hub|sld_shadow_jsm:shadow_jsm|state[8]           ; 12      ;
; Rule T102: Top nodes with the highest number of fan-outs         ; sld_hub:auto_hub|alt_sld_fab:\instrumentation_fabric_with_node_gen:fabric_gen_new_way:instrumentation_fabric|alt_sld_fab_sldfabric:sldfabric|sld_jtag_hub:\jtag_hub_gen:real_sld_jtag_hub|hub_mode_reg[1]                              ; 12      ;
; Rule T102: Top nodes with the highest number of fan-outs         ; sld_hub:auto_hub|alt_sld_fab:\instrumentation_fabric_with_node_gen:fabric_gen_new_way:instrumentation_fabric|alt_sld_fab_sldfabric:sldfabric|sld_jtag_hub:\jtag_hub_gen:real_sld_jtag_hub|sld_shadow_jsm:shadow_jsm|state[11]          ; 12      ;
; Rule T102: Top nodes with the highest number of fan-outs         ; sld_hub:auto_hub|alt_sld_fab:\instrumentation_fabric_with_node_gen:fabric_gen_new_way:instrumentation_fabric|alt_sld_fab_sldfabric:sldfabric|sld_jtag_hub:\jtag_hub_gen:real_sld_jtag_hub|sld_shadow_jsm:shadow_jsm|state[0]~_wirecell ; 12      ;
; Rule T102: Top nodes with the highest number of fan-outs         ; sld_hub:auto_hub|alt_sld_fab:\instrumentation_fabric_with_node_gen:fabric_gen_new_way:instrumentation_fabric|alt_sld_fab_sldfabric:sldfabric|sld_jtag_hub:\jtag_hub_gen:real_sld_jtag_hub|irf_reg[1][2]                                ; 12      ;
; Rule T102: Top nodes with the highest number of fan-outs         ; altera_internal_jtag~TDIUTAP                                                                                                                                                                                                           ; 11      ;
; Rule T102: Top nodes with the highest number of fan-outs         ; adc_control:adc_control|Equal7~0                                                                                                                                                                                                       ; 11      ;
; Rule T102: Top nodes with the highest number of fan-outs         ; adc_control:adc_control|m_cont[3]                                                                                                                                                                                                      ; 11      ;
+------------------------------------------------------------------+----------------------------------------------------------------------------------------------------------------------------------------------------------------------------------------------------------------------------------------+---------+


+---------------------------+
; Design Assistant Messages ;
+---------------------------+
Info: *******************************************************************
Info: Running Quartus II 64-Bit Design Assistant
    Info: Version 14.1.0 Build 186 12/03/2014 SJ Web Edition
    Info: Processing started: Sun May 16 14:47:37 2021
Info: Command: quartus_drc --read_settings_files=on --write_settings_files=off demodulator -c demodulator
Info (332164): Evaluating HDL-embedded SDC commands
    Info (332165): Entity sld_hub
        Info (332166): create_clock -name altera_reserved_tck [get_ports {altera_reserved_tck}] -period 10MHz   
        Info (332166): set_clock_groups -asynchronous -group {altera_reserved_tck}
Info (332104): Reading SDC File: 'demodulator.sdc'
Info (332151): Clock uncertainty is not calculated until you update the timing netlist.
Info (332110): Deriving PLL clocks
    Info (332110): create_generated_clock -source {pll|altpll_component|auto_generated|pll1|inclk[0]} -divide_by 25 -duty_cycle 50.00 -name {pll|altpll_component|auto_generated|pll1|clk[0]} {pll|altpll_component|auto_generated|pll1|clk[0]}
    Info (332110): create_generated_clock -source {pll|altpll_component|auto_generated|pll1|inclk[0]} -divide_by 400 -duty_cycle 50.00 -name {pll|altpll_component|auto_generated|pll1|clk[1]} {pll|altpll_component|auto_generated|pll1|clk[1]}
Info (332123): Deriving Clock Uncertainty. Please refer to report_sdc in TimeQuest to see clock uncertainties.
Critical Warning (308067): (High) Rule D103: Data bits are not correctly synchronized when transferred between asynchronous clock domains. (Value defined:2). Found 4 asynchronous clock domain interface structure(s) related to this rule.
    Critical Warning (308012): Node  "dds_generator:dds_generator|sign_cos"
    Critical Warning (308012): Node  "dds_generator:dds_generator|sign_sin"
    Critical Warning (308012): Node  "debug:debug|altsource_probe:in_system_sources_probes_0|altsource_probe_body:altsource_probe_body_inst|altsource_probe_impl:\wider_probe_gen:wider_probe_inst|hold_reg[7]"
    Critical Warning (308012): Node  "debug:debug|altsource_probe:in_system_sources_probes_0|altsource_probe_body:altsource_probe_body_inst|altsource_probe_impl:\wider_probe_gen:wider_probe_inst|hold_reg[6]"
Warning (308040): (Medium) Rule C104: Clock signal source should drive only clock input ports. Found 1 nodes related to this rule.
    Warning (308010): Node  "PLL:pll|altpll:altpll_component|PLL_altpll:auto_generated|wire_pll1_clk[0]"
Warning (308022): (Medium) Rule C106: Clock signal source should not drive registers triggered by different clock edges. Found 1 node(s) related to this rule.
    Warning (308010): Node  "PLL:pll|altpll:altpll_component|PLL_altpll:auto_generated|wire_pll1_clk[0]"
Warning (308071): (Medium) Rule D102: Multiple data bits that are transferred across asynchronous clock domains are synchronized, but not all bits may be aligned in the receiving clock domain. (Value defined:2). Found 1 asynchronous clock domain interface structure(s) related to this rule.
    Warning (308010): Node  "debug:debug|altsource_probe:in_system_sources_probes_0|altsource_probe_body:altsource_probe_body_inst|altsource_probe_impl:\wider_probe_gen:wider_probe_inst|hold_reg (Bus)"
Info (308046): (Information) Rule T101: Nodes with more than the specified number of fan-outs. (Value defined:30). Found 4 node(s) with highest fan-out.
    Info (308011): Node  "PLL:pll|altpll:altpll_component|PLL_altpll:auto_generated|wire_pll1_clk[0]~clkctrl"
    Info (308011): Node  "approximator:approximator|comb~0"
    Info (308011): Node  "approximator:approximator|accumulator:accum_Fc|s[38]~43"
    Info (308011): Node  "altera_internal_jtag~TCKUTAPclkctrl"
Info (308044): (Information) Rule T102: Top nodes with the highest number of fan-outs. (Value defined:50). Found 50 node(s) with highest fan-out.
    Info (308011): Node  "PLL:pll|altpll:altpll_component|PLL_altpll:auto_generated|wire_pll1_clk[0]~clkctrl"
    Info (308011): Node  "approximator:approximator|comb~0"
    Info (308011): Node  "approximator:approximator|accumulator:accum_Fc|s[38]~43"
    Info (308011): Node  "altera_internal_jtag~TCKUTAPclkctrl"
    Info (308011): Node  "sld_hub:auto_hub|alt_sld_fab:\instrumentation_fabric_with_node_gen:fabric_gen_new_way:instrumentation_fabric|alt_sld_fab_sldfabric:sldfabric|sld_jtag_hub:\jtag_hub_gen:real_sld_jtag_hub|sld_shadow_jsm:shadow_jsm|state[3]"
    Info (308011): Node  "adc_control:adc_control|go_en"
    Info (308011): Node  "approximator:approximator|reg_sin[8]"
    Info (308011): Node  "approximator:approximator|reg_cos[8]"
    Info (308011): Node  "altera_internal_jtag~TMSUTAP"
    Info (308011): Node  "approximator:approximator|SQRT:sqrt|altsqrt:ALTSQRT_component|lpm_add_sub:subtractors[14]|add_sub_gsc:auto_generated|op_1~34"
    Info (308011): Node  "approximator:approximator|SQRT:sqrt|altsqrt:ALTSQRT_component|lpm_add_sub:subtractors[9]|add_sub_lsc:auto_generated|op_1~24"
    Info (308011): Node  "sld_hub:auto_hub|alt_sld_fab:\instrumentation_fabric_with_node_gen:fabric_gen_new_way:instrumentation_fabric|alt_sld_fab_sldfabric:sldfabric|sld_jtag_hub:\jtag_hub_gen:real_sld_jtag_hub|sld_shadow_jsm:shadow_jsm|state[4]"
    Info (308011): Node  "approximator:approximator|SQRT:sqrt|altsqrt:ALTSQRT_component|lpm_add_sub:subtractors[17]|add_sub_oqc:auto_generated|op_1~40"
    Info (308011): Node  "approximator:approximator|SQRT:sqrt|altsqrt:ALTSQRT_component|lpm_add_sub:subtractors[12]|add_sub_isc:auto_generated|op_1~30"
    Info (308011): Node  "approximator:approximator|SQRT:sqrt|altsqrt:ALTSQRT_component|lpm_add_sub:subtractors[10]|add_sub_ksc:auto_generated|op_1~26"
    Info (308011): Node  "approximator:approximator|SQRT:sqrt|altsqrt:ALTSQRT_component|lpm_add_sub:subtractors[16]|add_sub_esc:auto_generated|op_1~38"
    Info (308011): Node  "~GND"
    Info (308011): Node  "approximator:approximator|SQRT:sqrt|altsqrt:ALTSQRT_component|lpm_add_sub:subtractors[15]|add_sub_fsc:auto_generated|op_1~36"
    Info (308011): Node  "approximator:approximator|SQRT:sqrt|altsqrt:ALTSQRT_component|lpm_add_sub:subtractors[13]|add_sub_hsc:auto_generated|op_1~32"
    Info (308011): Node  "approximator:approximator|SQRT:sqrt|altsqrt:ALTSQRT_component|lpm_add_sub:subtractors[11]|add_sub_jsc:auto_generated|op_1~28"
    Info (308011): Node  "approximator:approximator|reg_en"
    Info (308011): Node  "approximator:approximator|SQRT:sqrt|altsqrt:ALTSQRT_component|lpm_add_sub:subtractors[5]|add_sub_epc:auto_generated|op_1~16"
    Info (308011): Node  "approximator:approximator|SQRT:sqrt|altsqrt:ALTSQRT_component|lpm_add_sub:subtractors[2]|add_sub_bpc:auto_generated|op_1~10"
    Info (308011): Node  "approximator:approximator|SQRT:sqrt|altsqrt:ALTSQRT_component|lpm_add_sub:subtractors[6]|add_sub_fpc:auto_generated|op_1~18"
    Info (308011): Node  "approximator:approximator|SQRT:sqrt|altsqrt:ALTSQRT_component|lpm_add_sub:subtractors[4]|add_sub_dpc:auto_generated|op_1~14"
    Info (308011): Node  "approximator:approximator|SQRT:sqrt|altsqrt:ALTSQRT_component|lpm_add_sub:subtractors[8]|add_sub_msc:auto_generated|op_1~22"
    Info (308011): Node  "approximator:approximator|SQRT:sqrt|altsqrt:ALTSQRT_component|lpm_add_sub:subtractors[3]|add_sub_cpc:auto_generated|op_1~12"
    Info (308011): Node  "approximator:approximator|SQRT:sqrt|altsqrt:ALTSQRT_component|lpm_add_sub:subtractors[7]|add_sub_nqc:auto_generated|op_1~20"
    Info (308011): Node  "approximator:approximator|SQRT:sqrt|altsqrt:ALTSQRT_component|lpm_add_sub:subtractors[1]|add_sub_apc:auto_generated|op_1~8"
    Info (308011): Node  "sld_hub:auto_hub|alt_sld_fab:\instrumentation_fabric_with_node_gen:fabric_gen_new_way:instrumentation_fabric|alt_sld_fab_sldfabric:sldfabric|sld_jtag_hub:\jtag_hub_gen:real_sld_jtag_hub|virtual_ir_scan_reg"
    Info (308002): Truncated list of Design Assistant messages to 30 messages. Go to sections under Design Assistant section of Compilation Report for complete lists of Design Assistant messages generated.
Info (308007): Design Assistant information: finished post-fitting analysis of current design -- generated 54 information messages and 7 warning messages
Info: Quartus II 64-Bit Design Assistant was successful. 0 errors, 11 warnings
    Info: Peak virtual memory: 4686 megabytes
    Info: Processing ended: Sun May 16 14:47:40 2021
    Info: Elapsed time: 00:00:03
    Info: Total CPU time (on all processors): 00:00:03


